<?xml version="1.0" encoding="UTF-8"?>
<!-- Generated by org.testng.reporters.JUnitReportReporter -->
<testsuite hostname="DESKTOP-8JE37E9" failures="0" tests="1" name="QETeam.LearningSelenium.HandlingFrames" time="9.119" errors="0" timestamp="01 Jun 2018 16:36:14 GMT" skipped="0">
  <testcase classname="QETeam.LearningSelenium.HandlingFrames" name="dropIt" time="9.119"/>
</testsuite> <!-- QETeam.LearningSelenium.HandlingFrames -->
