<?xml version="1.0" encoding="UTF-8"?>
<!-- Generated by org.testng.reporters.JUnitReportReporter -->
<testsuite hostname="DESKTOP-8JE37E9" failures="0" tests="1" name="QETeam.LearningSelenium.HandlingWindows" time="18.269" errors="0" timestamp="31 May 2018 16:16:49 GMT" skipped="0">
  <testcase classname="QETeam.LearningSelenium.HandlingWindows" name="multipleWindows" time="18.269"/>
</testsuite> <!-- QETeam.LearningSelenium.HandlingWindows -->
