<?xml version="1.0" encoding="UTF-8"?>
<!-- Generated by org.testng.reporters.JUnitReportReporter -->
<testsuite hostname="DESKTOP-8JE37E9" failures="0" tests="1" name="QETeam.LearningSelenium.ExpediaAutomation" time="23.729" errors="0" timestamp="31 May 2018 20:22:06 GMT" skipped="0">
  <testcase classname="QETeam.LearningSelenium.ExpediaAutomation" name="travelingToNY" time="23.729"/>
</testsuite> <!-- QETeam.LearningSelenium.ExpediaAutomation -->
