<?xml version="1.0" encoding="UTF-8"?>
<!-- Generated by org.testng.reporters.JUnitReportReporter -->
<testsuite hostname="DESKTOP-8JE37E9" failures="0" tests="1" name="QETeam.LearningSelenium.FacebookAutomation" time="32.476" errors="0" timestamp="29 May 2018 16:02:00 GMT" skipped="0">
  <testcase classname="QETeam.LearningSelenium.FacebookAutomation" name="facebookLoginTest" time="32.476"/>
</testsuite> <!-- QETeam.LearningSelenium.FacebookAutomation -->
