<?xml version="1.0" encoding="UTF-8"?>
<!-- Generated by org.testng.reporters.JUnitReportReporter -->
<testsuite hostname="DESKTOP-8JE37E9" failures="0" tests="1" name="QETeam.LearningSelenium.EbayAutomation" time="13.240" errors="0" timestamp="29 May 2018 19:52:36 GMT" skipped="0">
  <testcase classname="QETeam.LearningSelenium.EbayAutomation" name="ebayLinks" time="13.240"/>
</testsuite> <!-- QETeam.LearningSelenium.EbayAutomation -->
