<?xml version="1.0" encoding="UTF-8"?>
<!-- Generated by org.testng.reporters.JUnitReportReporter -->
<testsuite hostname="DESKTOP-8JE37E9" failures="0" tests="1" name="QETeam.LearningSelenium.AmazonAutomation" time="20.399" errors="0" timestamp="01 Jun 2018 15:35:31 GMT" skipped="0">
  <testcase classname="QETeam.LearningSelenium.AmazonAutomation" name="amazonActions" time="20.399"/>
</testsuite> <!-- QETeam.LearningSelenium.AmazonAutomation -->
