<?xml version="1.0" encoding="UTF-8"?>
<!-- Generated by org.testng.reporters.JUnitReportReporter -->
<testsuite hostname="DESKTOP-8JE37E9" failures="0" tests="1" name="QETeam.LearningSelenium.FacebookSignUp" time="16.191" errors="0" timestamp="29 May 2018 19:04:57 GMT" skipped="0">
  <testcase classname="QETeam.LearningSelenium.FacebookSignUp" name="SignUpTest" time="16.191"/>
</testsuite> <!-- QETeam.LearningSelenium.FacebookSignUp -->
